State 0:
          start ::= * object
          start ::= * error
          object ::= * LBRACE entry_list RBRACE
          object ::= * LBRACE RBRACE

                        LBRACE shift  4
                         error shift  11
                        object shift  12
                         start accept

State 1:
          object ::= * LBRACE entry_list RBRACE
          object ::= * LBRACE RBRACE
          atomic ::= * JNULL
          atomic ::= * BOOLEAN
          atomic ::= * NUMBER
          atomic ::= * STRING
          atomic ::= * array
          atomic ::= * object
          array ::= * LBRACKET components RBRACKET
          components ::= * atomic COMMA components
          components ::= atomic COMMA * components
          components ::= * atomic

                        LBRACE shift  4
                         JNULL shift  20
                       BOOLEAN shift  19
                        NUMBER shift  18
                        STRING shift  17
                      LBRACKET shift  2
                        object shift  15
                         array shift  16
                    components shift  13
                        atomic shift  6

State 2:
          object ::= * LBRACE entry_list RBRACE
          object ::= * LBRACE RBRACE
          atomic ::= * JNULL
          atomic ::= * BOOLEAN
          atomic ::= * NUMBER
          atomic ::= * STRING
          atomic ::= * array
          atomic ::= * object
          array ::= * LBRACKET components RBRACKET
          array ::= LBRACKET * components RBRACKET
          components ::= * atomic COMMA components
          components ::= * atomic

                        LBRACE shift  4
                         JNULL shift  20
                       BOOLEAN shift  19
                        NUMBER shift  18
                        STRING shift  17
                      LBRACKET shift  2
                        object shift  15
                         array shift  16
                    components shift  7
                        atomic shift  6

State 3:
          object ::= * LBRACE entry_list RBRACE
          object ::= * LBRACE RBRACE
          entry ::= IDENTIFIER COLON * atomic
          atomic ::= * JNULL
          atomic ::= * BOOLEAN
          atomic ::= * NUMBER
          atomic ::= * STRING
          atomic ::= * array
          atomic ::= * object
          array ::= * LBRACKET components RBRACKET

                        LBRACE shift  4
                         JNULL shift  20
                       BOOLEAN shift  19
                        NUMBER shift  18
                        STRING shift  17
                      LBRACKET shift  2
                        object shift  15
                         array shift  16
                        atomic shift  21

State 4:
          object ::= LBRACE * entry_list RBRACE
          object ::= LBRACE * RBRACE
          entry_list ::= * entry COMMA entry_list
          entry_list ::= * entry
          entry ::= * IDENTIFIER COLON atomic

                        RBRACE shift  23
                    IDENTIFIER shift  8
                    entry_list shift  10
                         entry shift  9

State 5:
          entry_list ::= * entry COMMA entry_list
          entry_list ::= entry COMMA * entry_list
          entry_list ::= * entry
          entry ::= * IDENTIFIER COLON atomic

                    IDENTIFIER shift  8
                    entry_list shift  22
                         entry shift  9

State 6:
          components ::= atomic * COMMA components
     (15) components ::= atomic *

                         COMMA shift  1
                     {default} reduce 15

State 7:
          array ::= LBRACKET components * RBRACKET

                      RBRACKET shift  14

State 8:
          entry ::= IDENTIFIER * COLON atomic

                         COLON shift  3

State 9:
          entry_list ::= entry * COMMA entry_list
      (5) entry_list ::= entry *

                         COMMA shift  5
                     {default} reduce 5

State 10:
          object ::= LBRACE entry_list * RBRACE

                        RBRACE shift  24

State 11:
      (1) start ::= error *

                             $ reduce 1

State 12:
      (0) start ::= object *

                             $ reduce 0

State 13:
     (14) components ::= atomic COMMA components *

                     {default} reduce 14

State 14:
     (13) array ::= LBRACKET components RBRACKET *

                     {default} reduce 13

State 15:
     (12) atomic ::= object *

                     {default} reduce 12

State 16:
     (11) atomic ::= array *

                     {default} reduce 11

State 17:
     (10) atomic ::= STRING *

                     {default} reduce 10

State 18:
      (9) atomic ::= NUMBER *

                     {default} reduce 9

State 19:
      (8) atomic ::= BOOLEAN *

                     {default} reduce 8

State 20:
      (7) atomic ::= JNULL *

                     {default} reduce 7

State 21:
      (6) entry ::= IDENTIFIER COLON atomic *

                     {default} reduce 6

State 22:
      (4) entry_list ::= entry COMMA entry_list *

                     {default} reduce 4

State 23:
      (3) object ::= LBRACE RBRACE *

                     {default} reduce 3

State 24:
      (2) object ::= LBRACE entry_list RBRACE *

                     {default} reduce 2

----------------------------------------------------
Symbols:
    0: $:
    1: LBRACE
    2: RBRACE
    3: COMMA
    4: IDENTIFIER
    5: COLON
    6: JNULL
    7: BOOLEAN
    8: NUMBER
    9: STRING
   10: LBRACKET
   11: RBRACKET
   12: error:
   13: object: LBRACE
   14: entry_list: IDENTIFIER
   15: entry: IDENTIFIER
   16: array: LBRACKET
   17: components: LBRACE JNULL BOOLEAN NUMBER STRING LBRACKET
   18: atomic: LBRACE JNULL BOOLEAN NUMBER STRING LBRACKET
   19: start: LBRACE
